2024-11-24 15:20:35,029 [Worker-3: Loading available Gradle versions] INFO  o.e.b.c.i.u.g.PublishedGradleVersions - Gradle version information cache is not available. Remote download required.
2024-11-24 15:22:47,814 [Worker-7: Import Getting Started Content] INFO  o.e.m.c.i.l.LifecycleMappingFactory - Using org.eclipse.m2e.jdt.JarLifecycleMapping lifecycle mapping for MavenProject: com.noyon:SpringMVC:0.0.1-SNAPSHOT @ E:\SpringBootPractice\SpringMVC\pom.xml.
2024-11-24 15:22:55,672 [Worker-7: Import Getting Started Content] INFO  o.e.m.j.i.AbstractJavaProjectConfigurator - Adding source folder /SpringMVC/src/main/java
2024-11-24 15:22:55,674 [Worker-7: Import Getting Started Content] INFO  o.e.m.j.i.AbstractJavaProjectConfigurator - Adding resource folder /SpringMVC/src/main/resources
2024-11-24 15:22:55,679 [Worker-7: Import Getting Started Content] INFO  o.e.m.j.i.AbstractJavaProjectConfigurator - Adding resource folder /SpringMVC/src/main/resources
2024-11-24 15:22:55,683 [Worker-7: Import Getting Started Content] INFO  o.e.m.j.i.AbstractJavaProjectConfigurator - Adding source folder /SpringMVC/src/test/java
2024-11-24 15:22:55,685 [Worker-7: Import Getting Started Content] INFO  o.e.m.j.i.AbstractJavaProjectConfigurator - Adding resource folder /SpringMVC/src/test/resources
2024-11-24 15:22:59,883 [Worker-7: Import Getting Started Content] INFO  o.e.m.c.i.p.ProjectConfigurationManager - Imported and configured 1 project(s) in 19 sec
2024-11-24 15:22:59,889 [Worker-7: Import Getting Started Content] INFO  o.e.m.c.i.p.ProjectConfigurationManager - Update started
2024-11-24 15:23:00,624 [Worker-7: Import Getting Started Content] INFO  o.e.m.c.i.l.LifecycleMappingFactory - Using org.eclipse.m2e.jdt.JarLifecycleMapping lifecycle mapping for MavenProject: com.noyon:SpringMVC:0.0.1-SNAPSHOT @ E:\SpringBootPractice\SpringMVC\pom.xml.
2024-11-24 15:23:02,003 [Worker-7: Import Getting Started Content] INFO  o.e.m.j.i.AbstractJavaProjectConfigurator - Adding source folder /SpringMVC/src/main/java
2024-11-24 15:23:02,005 [Worker-7: Import Getting Started Content] INFO  o.e.m.j.i.AbstractJavaProjectConfigurator - Adding resource folder /SpringMVC/src/main/resources
2024-11-24 15:23:02,006 [Worker-7: Import Getting Started Content] INFO  o.e.m.j.i.AbstractJavaProjectConfigurator - Adding resource folder /SpringMVC/src/main/resources
2024-11-24 15:23:02,007 [Worker-7: Import Getting Started Content] INFO  o.e.m.j.i.AbstractJavaProjectConfigurator - Adding source folder /SpringMVC/src/test/java
2024-11-24 15:23:02,008 [Worker-7: Import Getting Started Content] INFO  o.e.m.j.i.AbstractJavaProjectConfigurator - Adding resource folder /SpringMVC/src/test/resources
2024-11-24 15:23:03,342 [Worker-7: Import Getting Started Content] INFO  o.e.m.c.i.p.ProjectConfigurationManager - Update completed for 1 poms: local refresh takes 0.00 sec, refresh facades takes 2.00 sec, update config takes 0.00 sec 
2024-11-24 15:23:03,421 [Worker-8: Updating Maven Project] INFO  o.e.m.c.i.p.ProjectConfigurationManager - Update started
2024-11-24 15:23:04,188 [Worker-8: Updating Maven Project] INFO  o.e.m.c.i.l.LifecycleMappingFactory - Using org.eclipse.m2e.jdt.JarLifecycleMapping lifecycle mapping for MavenProject: com.noyon:SpringMVC:0.0.1-SNAPSHOT @ E:\SpringBootPractice\SpringMVC\pom.xml.
2024-11-24 15:23:05,151 [Worker-8: Updating Maven Project] INFO  o.e.m.j.i.AbstractJavaProjectConfigurator - Adding source folder /SpringMVC/src/main/java
2024-11-24 15:23:05,152 [Worker-8: Updating Maven Project] INFO  o.e.m.j.i.AbstractJavaProjectConfigurator - Adding resource folder /SpringMVC/src/main/resources
2024-11-24 15:23:05,154 [Worker-8: Updating Maven Project] INFO  o.e.m.j.i.AbstractJavaProjectConfigurator - Adding resource folder /SpringMVC/src/main/resources
2024-11-24 15:23:05,154 [Worker-8: Updating Maven Project] INFO  o.e.m.j.i.AbstractJavaProjectConfigurator - Adding source folder /SpringMVC/src/test/java
2024-11-24 15:23:05,155 [Worker-8: Updating Maven Project] INFO  o.e.m.j.i.AbstractJavaProjectConfigurator - Adding resource folder /SpringMVC/src/test/resources
2024-11-24 15:23:05,686 [Worker-8: Updating Maven Project] INFO  o.e.m.c.i.p.ProjectConfigurationManager - Update completed for 1 poms: local refresh takes 0.00 sec, refresh facades takes 1.00 sec, update config takes 0.00 sec 
2024-11-24 15:23:11,114 [Worker-0: Building] INFO  o.a.m.s.f.DefaultMavenResourcesFiltering - Copying 1 resource from src\main\resources to target\classes
2024-11-24 15:23:11,280 [Worker-0: Building] INFO  o.a.m.s.f.DefaultMavenResourcesFiltering - Copying 0 resource from src\main\resources to target\classes
2024-11-24 15:23:11,288 [Worker-0: Building] INFO  o.a.m.s.f.DefaultMavenResourcesFiltering - skip non existing resourceDirectory E:\SpringBootPractice\SpringMVC\src\test\resources
2024-11-24 15:26:45,017 [Worker-0: Loading available Gradle versions] INFO  o.e.b.c.i.u.g.PublishedGradleVersions - Gradle version information cache is up-to-date. Trying to read.
2024-11-24 15:40:49,202 [Worker-12: Launching SpringMVC - SpringMvcApplication] INFO  o.e.m.c.i.l.LifecycleMappingFactory - Using org.eclipse.m2e.jdt.JarLifecycleMapping lifecycle mapping for MavenProject: com.noyon:SpringMVC:0.0.1-SNAPSHOT @ E:\SpringBootPractice\SpringMVC\pom.xml.
2024-11-24 15:41:01,059 [Worker-12: Launching SpringMVC - SpringMvcApplication] INFO  o.a.m.s.f.DefaultMavenResourcesFiltering - Copying 1 resource from src\main\resources to target\classes
2024-11-24 15:41:01,116 [Worker-12: Launching SpringMVC - SpringMvcApplication] INFO  o.a.m.s.f.DefaultMavenResourcesFiltering - Copying 0 resource from src\main\resources to target\classes
2024-11-24 15:41:01,122 [Worker-12: Launching SpringMVC - SpringMvcApplication] INFO  o.a.m.s.f.DefaultMavenResourcesFiltering - skip non existing resourceDirectory E:\SpringBootPractice\SpringMVC\src\test\resources
2024-11-24 15:41:13,144 [Worker-14: Building] INFO  o.a.m.s.f.DefaultMavenResourcesFiltering - Copying 1 resource from src\main\resources to target\classes
2024-11-24 15:41:13,184 [Worker-14: Building] INFO  o.a.m.s.f.DefaultMavenResourcesFiltering - Copying 0 resource from src\main\resources to target\classes
2024-11-24 15:41:13,190 [Worker-14: Building] INFO  o.a.m.s.f.DefaultMavenResourcesFiltering - skip non existing resourceDirectory E:\SpringBootPractice\SpringMVC\src\test\resources
2024-11-24 15:55:13,744 [Worker-17: Building] INFO  o.a.m.s.f.DefaultMavenResourcesFiltering - Copying 1 resource from src\main\resources to target\classes
2024-11-24 15:55:13,891 [Worker-17: Building] INFO  o.a.m.s.f.DefaultMavenResourcesFiltering - Copying 0 resource from src\main\resources to target\classes
2024-11-24 15:55:13,896 [Worker-17: Building] INFO  o.a.m.s.f.DefaultMavenResourcesFiltering - skip non existing resourceDirectory E:\SpringBootPractice\SpringMVC\src\test\resources
2024-11-24 16:08:14,570 [Worker-24: Building] INFO  o.a.m.s.f.DefaultMavenResourcesFiltering - Copying 1 resource from src\main\resources to target\classes
2024-11-24 16:08:14,615 [Worker-24: Building] INFO  o.a.m.s.f.DefaultMavenResourcesFiltering - Copying 0 resource from src\main\resources to target\classes
2024-11-24 16:08:14,620 [Worker-24: Building] INFO  o.a.m.s.f.DefaultMavenResourcesFiltering - skip non existing resourceDirectory E:\SpringBootPractice\SpringMVC\src\test\resources
2024-11-24 16:11:11,506 [Worker-31: Building] INFO  o.a.m.s.f.DefaultMavenResourcesFiltering - Copying 1 resource from src\main\resources to target\classes
2024-11-24 16:11:11,584 [Worker-31: Building] INFO  o.a.m.s.f.DefaultMavenResourcesFiltering - Copying 0 resource from src\main\resources to target\classes
2024-11-24 16:11:11,641 [Worker-31: Building] INFO  o.a.m.s.f.DefaultMavenResourcesFiltering - skip non existing resourceDirectory E:\SpringBootPractice\SpringMVC\src\test\resources
2024-11-24 16:12:34,641 [Worker-29: Building] INFO  o.a.m.s.f.DefaultMavenResourcesFiltering - Copying 0 resource from src\main\resources to target\classes
2024-11-24 16:12:34,643 [Worker-29: Building] INFO  o.a.m.s.f.DefaultMavenResourcesFiltering - Copying 1 resource from src\main\resources to target\classes
2024-11-24 16:12:34,882 [Worker-29: Building] INFO  o.a.m.s.f.DefaultMavenResourcesFiltering - skip non existing resourceDirectory E:\SpringBootPractice\SpringMVC\src\test\resources
2024-11-24 16:58:15,461 [Start Help Server] INFO  org.eclipse.jetty.server.Server - jetty-12.0.12; built: 2024-07-25T21:58:37.668Z; git: cc6f1b74db755fed228b50701ad967aeaa68e83f; jvm 21.0.4+7-LTS
2024-11-24 16:58:16,501 [Start Help Server] INFO  o.e.j.server.handler.ContextHandler - Started oeje8n.ContextHandler$CoreContextHandler@e1d5e5{/help,/help,b=null,a=AVAILABLE,h=oeje8n.ContextHandler$CoreContextHandler$CoreToNestedHandler@94b1d43{STARTED}}
2024-11-24 16:58:16,503 [Start Help Server] INFO  o.e.j.s.DefaultSessionIdManager - Session workerName=node0
2024-11-24 16:58:17,391 [Start Help Server] INFO  o.e.jetty.server.AbstractConnector - Started ServerConnector@c67bc56{HTTP/1.1, (http/1.1)}{127.0.0.1:9645}
2024-11-24 16:58:17,739 [Start Help Server] INFO  org.eclipse.jetty.server.Server - Started oejs.Server@1b78fab1{STARTING}[12.0.12,sto=0] @5512324ms
2024-11-24 17:02:17,245 [Worker-42: Launching SpringMVC - SpringMvcApplication] INFO  o.a.m.s.f.DefaultMavenResourcesFiltering - Copying 1 resource from src\main\resources to target\classes
2024-11-24 17:02:18,068 [Worker-42: Launching SpringMVC - SpringMvcApplication] INFO  o.a.m.s.f.DefaultMavenResourcesFiltering - Copying 1 resource from src\main\resources to target\classes
2024-11-24 17:02:18,119 [Worker-42: Launching SpringMVC - SpringMvcApplication] INFO  o.a.m.s.f.DefaultMavenResourcesFiltering - skip non existing resourceDirectory E:\SpringBootPractice\SpringMVC\src\test\resources
2024-11-24 17:06:27,757 [Worker-42: Building] INFO  o.a.m.s.f.DefaultMavenResourcesFiltering - Copying 0 resource from src\main\resources to target\classes
2024-11-24 17:06:27,759 [Worker-42: Building] INFO  o.a.m.s.f.DefaultMavenResourcesFiltering - Copying 1 resource from src\main\resources to target\classes
2024-11-24 17:06:27,783 [Worker-42: Building] INFO  o.a.m.s.f.DefaultMavenResourcesFiltering - skip non existing resourceDirectory E:\SpringBootPractice\SpringMVC\src\test\resources
2024-11-24 17:08:06,239 [Worker-28: Building] INFO  o.a.m.s.f.DefaultMavenResourcesFiltering - Copying 1 resource from src\main\resources to target\classes
2024-11-24 17:08:08,519 [Worker-28: Building] INFO  o.a.m.s.f.DefaultMavenResourcesFiltering - Copying 1 resource from src\main\resources to target\classes
2024-11-24 17:08:08,526 [Worker-28: Building] INFO  o.a.m.s.f.DefaultMavenResourcesFiltering - skip non existing resourceDirectory E:\SpringBootPractice\SpringMVC\src\test\resources
2024-11-24 17:10:39,991 [Worker-28: Building] INFO  o.a.m.s.f.DefaultMavenResourcesFiltering - Copying 0 resource from src\main\resources to target\classes
2024-11-24 17:10:39,992 [Worker-28: Building] INFO  o.a.m.s.f.DefaultMavenResourcesFiltering - Copying 1 resource from src\main\resources to target\classes
2024-11-24 17:10:40,023 [Worker-28: Building] INFO  o.a.m.s.f.DefaultMavenResourcesFiltering - skip non existing resourceDirectory E:\SpringBootPractice\SpringMVC\src\test\resources
2024-11-24 17:13:49,317 [Worker-39: Launching SpringMVC - SpringMvcApplication] INFO  o.a.m.s.f.DefaultMavenResourcesFiltering - Copying 1 resource from src\main\resources to target\classes
2024-11-24 17:13:49,679 [Worker-39: Launching SpringMVC - SpringMvcApplication] INFO  o.a.m.s.f.DefaultMavenResourcesFiltering - Copying 2 resources from src\main\resources to target\classes
2024-11-24 17:13:49,688 [Worker-39: Launching SpringMVC - SpringMvcApplication] INFO  o.a.m.s.f.DefaultMavenResourcesFiltering - skip non existing resourceDirectory E:\SpringBootPractice\SpringMVC\src\test\resources
2024-11-24 17:16:41,393 [Worker-43: Launching SpringMVC - SpringMvcApplication] INFO  o.a.m.s.f.DefaultMavenResourcesFiltering - Copying 0 resource from src\main\resources to target\classes
2024-11-24 17:16:41,395 [Worker-43: Launching SpringMVC - SpringMvcApplication] INFO  o.a.m.s.f.DefaultMavenResourcesFiltering - Copying 1 resource from src\main\resources to target\classes
2024-11-24 17:16:41,402 [Worker-43: Launching SpringMVC - SpringMvcApplication] INFO  o.a.m.s.f.DefaultMavenResourcesFiltering - skip non existing resourceDirectory E:\SpringBootPractice\SpringMVC\src\test\resources
2024-11-24 17:22:52,613 [Worker-45: Building] INFO  o.a.m.s.f.DefaultMavenResourcesFiltering - Copying 1 resource from src\main\resources to target\classes
2024-11-24 17:22:53,000 [Worker-45: Building] INFO  o.a.m.s.f.DefaultMavenResourcesFiltering - Copying 2 resources from src\main\resources to target\classes
2024-11-24 17:22:53,009 [Worker-45: Building] INFO  o.a.m.s.f.DefaultMavenResourcesFiltering - skip non existing resourceDirectory E:\SpringBootPractice\SpringMVC\src\test\resources
2024-11-24 17:35:07,867 [Worker-28: Launching SpringMVC - SpringMvcApplication] INFO  o.a.m.s.f.DefaultMavenResourcesFiltering - Copying 1 resource from src\main\resources to target\classes
2024-11-24 17:35:09,848 [Worker-28: Launching SpringMVC - SpringMvcApplication] INFO  o.a.m.s.f.DefaultMavenResourcesFiltering - Copying 2 resources from src\main\resources to target\classes
2024-11-24 17:35:09,912 [Worker-28: Launching SpringMVC - SpringMvcApplication] INFO  o.a.m.s.f.DefaultMavenResourcesFiltering - skip non existing resourceDirectory E:\SpringBootPractice\SpringMVC\src\test\resources
2024-11-24 17:36:35,185 [Worker-56: Launching SpringMVC - SpringMvcApplication] INFO  o.a.m.s.f.DefaultMavenResourcesFiltering - Copying 0 resource from src\main\resources to target\classes
2024-11-24 17:36:35,186 [Worker-56: Launching SpringMVC - SpringMvcApplication] INFO  o.a.m.s.f.DefaultMavenResourcesFiltering - Copying 1 resource from src\main\resources to target\classes
2024-11-24 17:36:35,216 [Worker-56: Launching SpringMVC - SpringMvcApplication] INFO  o.a.m.s.f.DefaultMavenResourcesFiltering - skip non existing resourceDirectory E:\SpringBootPractice\SpringMVC\src\test\resources
2024-11-24 17:40:55,268 [Worker-59: Launching SpringMVC - SpringMvcApplication] INFO  o.a.m.s.f.DefaultMavenResourcesFiltering - Copying 1 resource from src\main\resources to target\classes
2024-11-24 17:40:56,402 [Worker-59: Launching SpringMVC - SpringMvcApplication] INFO  o.a.m.s.f.DefaultMavenResourcesFiltering - Copying 2 resources from src\main\resources to target\classes
2024-11-24 17:40:56,411 [Worker-59: Launching SpringMVC - SpringMvcApplication] INFO  o.a.m.s.f.DefaultMavenResourcesFiltering - skip non existing resourceDirectory E:\SpringBootPractice\SpringMVC\src\test\resources
2024-11-24 17:46:34,394 [Worker-62: Launching SpringMVC - SpringMvcApplication] INFO  o.a.m.s.f.DefaultMavenResourcesFiltering - Copying 1 resource from src\main\resources to target\classes
2024-11-24 17:46:34,408 [Worker-62: Launching SpringMVC - SpringMvcApplication] INFO  o.a.m.s.f.DefaultMavenResourcesFiltering - Copying 2 resources from src\main\resources to target\classes
2024-11-24 17:46:34,415 [Worker-62: Launching SpringMVC - SpringMvcApplication] INFO  o.a.m.s.f.DefaultMavenResourcesFiltering - skip non existing resourceDirectory E:\SpringBootPractice\SpringMVC\src\test\resources
2024-11-24 17:48:44,258 [Worker-60: Launching SpringMVC - SpringMvcApplication] INFO  o.a.m.s.f.DefaultMavenResourcesFiltering - Copying 1 resource from src\main\resources to target\classes
2024-11-24 17:48:46,477 [Worker-60: Launching SpringMVC - SpringMvcApplication] INFO  o.a.m.s.f.DefaultMavenResourcesFiltering - Copying 2 resources from src\main\resources to target\classes
2024-11-24 17:48:46,485 [Worker-60: Launching SpringMVC - SpringMvcApplication] INFO  o.a.m.s.f.DefaultMavenResourcesFiltering - skip non existing resourceDirectory E:\SpringBootPractice\SpringMVC\src\test\resources
2024-11-24 17:50:26,669 [Worker-28: Launching SpringMVC - SpringMvcApplication] INFO  o.a.m.s.f.DefaultMavenResourcesFiltering - Copying 1 resource from src\main\resources to target\classes
2024-11-24 17:50:26,680 [Worker-28: Launching SpringMVC - SpringMvcApplication] INFO  o.a.m.s.f.DefaultMavenResourcesFiltering - Copying 2 resources from src\main\resources to target\classes
2024-11-24 17:50:26,683 [Worker-28: Launching SpringMVC - SpringMvcApplication] INFO  o.a.m.s.f.DefaultMavenResourcesFiltering - skip non existing resourceDirectory E:\SpringBootPractice\SpringMVC\src\test\resources
2024-11-24 17:51:47,417 [Worker-62: Launching SpringMVC - SpringMvcApplication] INFO  o.a.m.s.f.DefaultMavenResourcesFiltering - Copying 1 resource from src\main\resources to target\classes
2024-11-24 17:51:47,435 [Worker-62: Launching SpringMVC - SpringMvcApplication] INFO  o.a.m.s.f.DefaultMavenResourcesFiltering - Copying 2 resources from src\main\resources to target\classes
2024-11-24 17:51:47,440 [Worker-62: Launching SpringMVC - SpringMvcApplication] INFO  o.a.m.s.f.DefaultMavenResourcesFiltering - skip non existing resourceDirectory E:\SpringBootPractice\SpringMVC\src\test\resources
2024-11-24 17:52:17,357 [Worker-60: Launching SpringMVC - SpringMvcApplication] INFO  o.a.m.s.f.DefaultMavenResourcesFiltering - Copying 1 resource from src\main\resources to target\classes
2024-11-24 17:52:17,438 [Worker-60: Launching SpringMVC - SpringMvcApplication] INFO  o.a.m.s.f.DefaultMavenResourcesFiltering - Copying 2 resources from src\main\resources to target\classes
2024-11-24 17:52:17,444 [Worker-60: Launching SpringMVC - SpringMvcApplication] INFO  o.a.m.s.f.DefaultMavenResourcesFiltering - skip non existing resourceDirectory E:\SpringBootPractice\SpringMVC\src\test\resources
2024-11-24 17:53:47,120 [Worker-61: Launching SpringMVC - SpringMvcApplication] INFO  o.a.m.s.f.DefaultMavenResourcesFiltering - Copying 1 resource from src\main\resources to target\classes
2024-11-24 17:53:47,131 [Worker-61: Launching SpringMVC - SpringMvcApplication] INFO  o.a.m.s.f.DefaultMavenResourcesFiltering - Copying 2 resources from src\main\resources to target\classes
2024-11-24 17:53:47,159 [Worker-61: Launching SpringMVC - SpringMvcApplication] INFO  o.a.m.s.f.DefaultMavenResourcesFiltering - skip non existing resourceDirectory E:\SpringBootPractice\SpringMVC\src\test\resources
2024-11-24 17:58:48,225 [Worker-67: Launching SpringMVC - SpringMvcApplication] INFO  o.a.m.s.f.DefaultMavenResourcesFiltering - Copying 1 resource from src\main\resources to target\classes
2024-11-24 17:58:51,588 [Worker-67: Launching SpringMVC - SpringMvcApplication] INFO  o.a.m.s.f.DefaultMavenResourcesFiltering - Copying 2 resources from src\main\resources to target\classes
2024-11-24 17:58:51,599 [Worker-67: Launching SpringMVC - SpringMvcApplication] INFO  o.a.m.s.f.DefaultMavenResourcesFiltering - skip non existing resourceDirectory E:\SpringBootPractice\SpringMVC\src\test\resources
2024-11-24 18:03:42,179 [Worker-68: Launching SpringMVC - SpringMvcApplication] INFO  o.a.m.s.f.DefaultMavenResourcesFiltering - Copying 1 resource from src\main\resources to target\classes
2024-11-24 18:03:42,209 [Worker-68: Launching SpringMVC - SpringMvcApplication] INFO  o.a.m.s.f.DefaultMavenResourcesFiltering - Copying 2 resources from src\main\resources to target\classes
2024-11-24 18:03:42,237 [Worker-68: Launching SpringMVC - SpringMvcApplication] INFO  o.a.m.s.f.DefaultMavenResourcesFiltering - skip non existing resourceDirectory E:\SpringBootPractice\SpringMVC\src\test\resources
2024-11-24 18:05:51,874 [Worker-67: Building] INFO  o.a.m.s.f.DefaultMavenResourcesFiltering - Copying 0 resource from src\main\resources to target\classes
2024-11-24 18:05:51,890 [Worker-67: Building] INFO  o.a.m.s.f.DefaultMavenResourcesFiltering - Copying 1 resource from src\main\resources to target\classes
2024-11-24 18:05:52,000 [Worker-67: Building] INFO  o.a.m.s.f.DefaultMavenResourcesFiltering - skip non existing resourceDirectory E:\SpringBootPractice\SpringMVC\src\test\resources
2024-11-24 18:08:48,981 [Worker-79: Launching SpringMVC - SpringMvcApplication] INFO  o.a.m.s.f.DefaultMavenResourcesFiltering - Copying 1 resource from src\main\resources to target\classes
2024-11-24 18:08:50,599 [Worker-79: Launching SpringMVC - SpringMvcApplication] INFO  o.a.m.s.f.DefaultMavenResourcesFiltering - Copying 2 resources from src\main\resources to target\classes
2024-11-24 18:08:50,604 [Worker-79: Launching SpringMVC - SpringMvcApplication] INFO  o.a.m.s.f.DefaultMavenResourcesFiltering - skip non existing resourceDirectory E:\SpringBootPractice\SpringMVC\src\test\resources
2024-11-24 18:37:04,848 [Worker-0: Loading available Gradle versions] INFO  o.e.b.c.i.u.g.PublishedGradleVersions - Gradle version information cache is up-to-date. Trying to read.
2024-11-24 18:57:36,493 [Start Help Server] INFO  org.eclipse.jetty.server.Server - jetty-12.0.12; built: 2024-07-25T21:58:37.668Z; git: cc6f1b74db755fed228b50701ad967aeaa68e83f; jvm 21.0.4+7-LTS
2024-11-24 18:57:36,763 [Start Help Server] INFO  o.e.j.server.handler.ContextHandler - Started oeje8n.ContextHandler$CoreContextHandler@5e72db92{/help,/help,b=null,a=AVAILABLE,h=oeje8n.ContextHandler$CoreContextHandler$CoreToNestedHandler@4b808580{STARTED}}
2024-11-24 18:57:36,764 [Start Help Server] INFO  o.e.j.s.DefaultSessionIdManager - Session workerName=node0
2024-11-24 18:57:36,902 [Start Help Server] INFO  o.e.jetty.server.AbstractConnector - Started ServerConnector@13469f4f{HTTP/1.1, (http/1.1)}{127.0.0.1:10865}
2024-11-24 18:57:36,983 [Start Help Server] INFO  org.eclipse.jetty.server.Server - Started oejs.Server@74f1e5ca{STARTING}[12.0.12,sto=0] @1390334ms
2024-11-24 19:12:46,148 [Worker-3: Launching SpringMVC - SpringMvcApplication] INFO  o.a.m.s.f.DefaultMavenResourcesFiltering - Copying 1 resource from src\main\resources to target\classes
2024-11-24 19:12:46,214 [Worker-3: Launching SpringMVC - SpringMvcApplication] INFO  o.a.m.s.f.DefaultMavenResourcesFiltering - Copying 2 resources from src\main\resources to target\classes
2024-11-24 19:12:46,241 [Worker-3: Launching SpringMVC - SpringMvcApplication] INFO  o.a.m.s.f.DefaultMavenResourcesFiltering - skip non existing resourceDirectory E:\SpringBootPractice\SpringMVC\src\test\resources
2024-11-24 19:16:13,969 [Worker-18: Building] INFO  o.a.m.s.f.DefaultMavenResourcesFiltering - Copying 1 resource from src\main\resources to target\classes
2024-11-24 19:16:13,980 [Worker-18: Building] INFO  o.a.m.s.f.DefaultMavenResourcesFiltering - Copying 0 resource from src\main\resources to target\classes
2024-11-24 19:16:13,984 [Worker-18: Building] INFO  o.a.m.s.f.DefaultMavenResourcesFiltering - skip non existing resourceDirectory E:\SpringBootPractice\SpringMVC\src\test\resources
2024-11-24 20:08:40,290 [Worker-25: Building] INFO  o.a.m.s.f.DefaultMavenResourcesFiltering - Copying 1 resource from src\main\resources to target\classes
2024-11-24 20:08:40,434 [Worker-25: Building] INFO  o.a.m.s.f.DefaultMavenResourcesFiltering - Copying 2 resources from src\main\resources to target\classes
2024-11-24 20:08:40,442 [Worker-25: Building] INFO  o.a.m.s.f.DefaultMavenResourcesFiltering - skip non existing resourceDirectory E:\SpringBootPractice\SpringMVC\src\test\resources
2024-11-24 20:12:44,503 [Worker-23: Launching SpringMVC - SpringMvcApplication] INFO  o.a.m.s.f.DefaultMavenResourcesFiltering - Copying 1 resource from src\main\resources to target\classes
2024-11-24 20:12:44,514 [Worker-23: Launching SpringMVC - SpringMvcApplication] INFO  o.a.m.s.f.DefaultMavenResourcesFiltering - Copying 2 resources from src\main\resources to target\classes
2024-11-24 20:12:44,579 [Worker-23: Launching SpringMVC - SpringMvcApplication] INFO  o.a.m.s.f.DefaultMavenResourcesFiltering - skip non existing resourceDirectory E:\SpringBootPractice\SpringMVC\src\test\resources
2024-11-24 20:14:32,212 [Worker-13: Launching SpringMVC - SpringMvcApplication] INFO  o.a.m.s.f.DefaultMavenResourcesFiltering - Copying 1 resource from src\main\resources to target\classes
2024-11-24 20:14:32,222 [Worker-13: Launching SpringMVC - SpringMvcApplication] INFO  o.a.m.s.f.DefaultMavenResourcesFiltering - Copying 2 resources from src\main\resources to target\classes
2024-11-24 20:14:32,230 [Worker-13: Launching SpringMVC - SpringMvcApplication] INFO  o.a.m.s.f.DefaultMavenResourcesFiltering - skip non existing resourceDirectory E:\SpringBootPractice\SpringMVC\src\test\resources
2024-11-24 20:24:17,275 [Worker-31: Launching SpringMVC - SpringMvcApplication] INFO  o.a.m.s.f.DefaultMavenResourcesFiltering - Copying 1 resource from src\main\resources to target\classes
2024-11-24 20:24:17,625 [Worker-31: Launching SpringMVC - SpringMvcApplication] INFO  o.a.m.s.f.DefaultMavenResourcesFiltering - Copying 2 resources from src\main\resources to target\classes
2024-11-24 20:24:17,634 [Worker-31: Launching SpringMVC - SpringMvcApplication] INFO  o.a.m.s.f.DefaultMavenResourcesFiltering - skip non existing resourceDirectory E:\SpringBootPractice\SpringMVC\src\test\resources
2024-11-24 20:29:05,189 [Worker-31: Launching SpringMVC - SpringMvcApplication] INFO  o.a.m.s.f.DefaultMavenResourcesFiltering - Copying 1 resource from src\main\resources to target\classes
2024-11-24 20:29:05,345 [Worker-31: Launching SpringMVC - SpringMvcApplication] INFO  o.a.m.s.f.DefaultMavenResourcesFiltering - Copying 2 resources from src\main\resources to target\classes
2024-11-24 20:29:05,361 [Worker-31: Launching SpringMVC - SpringMvcApplication] INFO  o.a.m.s.f.DefaultMavenResourcesFiltering - skip non existing resourceDirectory E:\SpringBootPractice\SpringMVC\src\test\resources
2024-11-24 20:44:23,341 [Worker-40: Launching SpringMVC - SpringMvcApplication] INFO  o.a.m.s.f.DefaultMavenResourcesFiltering - Copying 1 resource from src\main\resources to target\classes
2024-11-24 20:44:24,088 [Worker-40: Launching SpringMVC - SpringMvcApplication] INFO  o.a.m.s.f.DefaultMavenResourcesFiltering - Copying 2 resources from src\main\resources to target\classes
2024-11-24 20:44:24,354 [Worker-40: Launching SpringMVC - SpringMvcApplication] INFO  o.a.m.s.f.DefaultMavenResourcesFiltering - skip non existing resourceDirectory E:\SpringBootPractice\SpringMVC\src\test\resources
2024-11-25 07:09:59,874 [Worker-4: Loading available Gradle versions] INFO  o.e.b.c.i.u.g.PublishedGradleVersions - Gradle version information cache is up-to-date. Trying to read.
2024-11-25 10:51:29,780 [Worker-6: Loading available Gradle versions] INFO  o.e.b.c.i.u.g.PublishedGradleVersions - Gradle version information cache is up-to-date. Trying to read.
